<?xml version="1.0" encoding="UTF-8"?>
<testsuite name="JUnit5ExampleTest" tests="1" skipped="0" failures="0" errors="0" timestamp="2018-06-06T17:50:41" hostname="bodhiudevl01.udev.six3" time="0.007">
  <properties/>
  <testcase name="justAnExample()" classname="JUnit5ExampleTest" time="0.007"/>
  <system-out><![CDATA[This test method ran!
]]></system-out>
  <system-err><![CDATA[]]></system-err>
</testsuite>
